<?xml version="1.0" encoding="UTF-8"?>
<TestRun id="57f1ec44-2107-4117-9e96-6f87b9aeab45" name="Farid@MICROSOFT-PC 2013-01-05 15:57:12" runUser="MICROSOFT-PC\Farid" xmlns="http://microsoft.com/schemas/VisualStudio/TeamTest/2006">
  <TestRunConfiguration name="Local Test Run" id="36ce4557-74e4-46ea-908d-eac4d95bdf41">
    <Description>This is a default test run configuration for a local test run.</Description>
    <Deployment runDeploymentRoot="C:\Projects\mss-mobile\MSS.WinMobile\TestResults\Farid_MICROSOFT-PC 2013-01-05 15_57_12">
      <DeploymentItem filename="C:\Projects\mss-mobile\Vendor\JSON.NET\Bin\Net20\Newtonsoft.Json.dll" />
      <DeploymentItem filename="C:\Projects\mss-mobile\MSS.WinMobile\Mss.WinMobile.Domain.Model\bin\Debug\Mss.WinMobile.Domain.Model.dll" />
      <DeploymentItem filename="C:\Projects\mss-mobile\MSS.WinMobile\MSS.WinMobile.Infrastructure.Server\bin\Debug\MSS.WinMobile.Infrastructure.Server.dll" />
    </Deployment>
    <TestTypeSpecific />
  </TestRunConfiguration>
  <ResultSummary outcome="Inconclusive">
    <Counters total="1" executed="1" error="0" failed="0" timeout="0" aborted="0" inconclusive="1" passedButRunAborted="0" notRunnable="0" notExecuted="0" disconnected="0" warning="0" passed="0" completed="0" inProgress="0" pending="0" />
  </ResultSummary>
  <Times creation="2013-01-05T15:57:12.6370000+03:00" queuing="2013-01-05T15:57:12.9862000+03:00" start="2013-01-05T15:57:13.2062000+03:00" finish="2013-01-05T15:57:15.0062000+03:00" />
  <TestDefinitions>
    <UnitTest name="GetByIdTest" storage="c:\projects\mss-mobile\mss.winmobile\mss.winmobile.infrastructure.server.tests\bin\debug\mss.winmobile.infrastructure.server.tests.dll" id="5ee30771-3c4a-cdf2-43ba-917353244190">
      <Css projectStructure="" iteration="" />
      <Owners>
        <Owner name="" />
      </Owners>
      <Execution id="f46116b5-bcd3-470e-8bf5-32cd69f8fc4d" />
      <TestMethod codeBase="C:\Projects\mss-mobile\MSS.WinMobile\MSS.WinMobile.Infrastructure.Server.Tests\bin\Debug\MSS.WinMobile.Infrastructure.Server.Tests.dll" adapterTypeName="Microsoft.VisualStudio.TestTools.TestTypes.Unit.UnitTestAdapter, Microsoft.VisualStudio.QualityTools.Tips.UnitTest.Adapter, Version=9.0.0.0, Culture=neutral, PublicKeyToken=b03f5f7f11d50a3a" className="MSS.WinMobile.Infrastructure.Server.Tests.ManagerRepositoryTest, MSS.WinMobile.Infrastructure.Server.Tests" name="GetByIdTest" />
    </UnitTest>
  </TestDefinitions>
  <TestLists>
    <TestList name="Results Not in a List" id="8c84fa94-04c1-424b-9868-57a2d4851a1d" />
    <TestList name="All Loaded Results" id="19431567-8539-422a-85d7-44ee4e166bda" />
  </TestLists>
  <TestEntries>
    <TestEntry testId="5ee30771-3c4a-cdf2-43ba-917353244190" executionId="f46116b5-bcd3-470e-8bf5-32cd69f8fc4d" testListId="8c84fa94-04c1-424b-9868-57a2d4851a1d" />
  </TestEntries>
  <Results>
    <UnitTestResult executionId="f46116b5-bcd3-470e-8bf5-32cd69f8fc4d" testId="5ee30771-3c4a-cdf2-43ba-917353244190" testName="GetByIdTest" computerName="MICROSOFT-PC" duration="00:00:01.3603457" startTime="2013-01-05T15:57:13.2762000+03:00" endTime="2013-01-05T15:57:14.9462000+03:00" testType="13cdc9d9-ddb5-4fa4-a97d-d965ccfc6d4b" outcome="Inconclusive" testListId="8c84fa94-04c1-424b-9868-57a2d4851a1d">
      <Output>
        <ErrorInfo>
          <Message>Assert.Inconclusive failed. Verify the correctness of this test method.</Message>
          <StackTrace>   в MSS.WinMobile.Infrastructure.Server.Tests.ManagerRepositoryTest.GetByIdTest() в C:\Projects\mss-mobile\MSS.WinMobile\MSS.WinMobile.Infrastructure.Server.Tests\ManagerRepositoryTest.cs:строка 93
</StackTrace>
        </ErrorInfo>
      </Output>
    </UnitTestResult>
  </Results>
</TestRun>