<?xml version="1.0" encoding="UTF-8"?>
<TestRun id="d019d17c-c783-4b63-ba8e-5292bd153fa3" name="Farid@MICROSOFT-PC 2013-01-05 15:47:04" runUser="MICROSOFT-PC\Farid" xmlns="http://microsoft.com/schemas/VisualStudio/TeamTest/2006">
  <TestRunConfiguration name="Local Test Run" id="36ce4557-74e4-46ea-908d-eac4d95bdf41">
    <Description>This is a default test run configuration for a local test run.</Description>
    <Deployment runDeploymentRoot="C:\Projects\mss-mobile\MSS.WinMobile\TestResults\Farid_MICROSOFT-PC 2013-01-05 15_47_04">
      <DeploymentItem filename="C:\Projects\mss-mobile\Vendor\JSON.NET\Bin\Net20\Newtonsoft.Json.dll" />
      <DeploymentItem filename="C:\Projects\mss-mobile\MSS.WinMobile\Mss.WinMobile.Domain.Model\bin\Debug\Mss.WinMobile.Domain.Model.dll" />
      <DeploymentItem filename="C:\Projects\mss-mobile\MSS.WinMobile\MSS.WinMobile.Infrastructure.Server\bin\Debug\MSS.WinMobile.Infrastructure.Server.dll" />
    </Deployment>
    <TestTypeSpecific />
  </TestRunConfiguration>
  <ResultSummary outcome="Error">
    <Counters total="1" error="0" failed="0" timeout="0" aborted="0" inconclusive="0" passedButRunAborted="0" notRunnable="0" notExecuted="1" disconnected="0" warning="0" passed="0" completed="0" inProgress="0" pending="0" />
    <RunInfos>
      <RunInfo computerName="MICROSOFT-PC" outcome="Error" timestamp="2013-01-05T15:47:04.4162000+03:00">
        <Text>Failed to queue test run 'Farid@MICROSOFT-PC 2013-01-05 15:47:04': Test Run deployment issue: The location of the file or directory 'c:\projects\mss-mobile\mss.winmobile\mss.winmobile.infrastructure.server.tests\bin\debug\Newtonsoft.Json.dll' is not trusted.</Text>
        <Exception>Microsoft.VisualStudio.TestTools.TestManagement.ExecutionException: Test Run deployment issue: The location of the file or directory 'c:\projects\mss-mobile\mss.winmobile\mss.winmobile.infrastructure.server.tests\bin\debug\Newtonsoft.Json.dll' is not trusted.
   at Microsoft.VisualStudio.TestTools.TestManagement.DeploymentManager.DoDeployment(TestRun run, FileCopyService fileCopyService)
   at Microsoft.VisualStudio.TestTools.TestManagement.ControllerProxy.SetupTestRun(TestRun run, Boolean isNewTestRun, FileCopyService&amp; fileCopyService)
   at Microsoft.VisualStudio.TestTools.TestManagement.ControllerProxy.QueueTestRunWorker(Object state)</Exception>
      </RunInfo>
    </RunInfos>
  </ResultSummary>
  <Times creation="2013-01-05T15:47:04.0558000+03:00" queuing="2013-01-05T15:47:04.0558000+03:00" start="2013-01-05T15:47:04.0558000+03:00" finish="2013-01-05T15:47:04.4162000+03:00" />
  <TestDefinitions>
    <UnitTest name="GetByIdTest" storage="c:\projects\mss-mobile\mss.winmobile\mss.winmobile.infrastructure.server.tests\bin\debug\mss.winmobile.infrastructure.server.tests.dll" id="5ee30771-3c4a-cdf2-43ba-917353244190">
      <Css projectStructure="" iteration="" />
      <Owners>
        <Owner name="" />
      </Owners>
      <TestMethod codeBase="C:\Projects\mss-mobile\MSS.WinMobile\MSS.WinMobile.Infrastructure.Server.Tests\bin\Debug\MSS.WinMobile.Infrastructure.Server.Tests.dll" adapterTypeName="Microsoft.VisualStudio.TestTools.TestTypes.Unit.UnitTestAdapter, Microsoft.VisualStudio.QualityTools.Tips.UnitTest.Adapter, Version=9.0.0.0, Culture=neutral, PublicKeyToken=b03f5f7f11d50a3a" className="MSS.WinMobile.Infrastructure.Server.Tests.ManagerRepositoryTest, MSS.WinMobile.Infrastructure.Server.Tests" name="GetByIdTest" />
    </UnitTest>
  </TestDefinitions>
  <TestLists>
    <TestList name="Results Not in a List" id="8c84fa94-04c1-424b-9868-57a2d4851a1d" />
    <TestList name="All Loaded Results" id="19431567-8539-422a-85d7-44ee4e166bda" />
  </TestLists>
  <TestEntries>
    <TestEntry testId="5ee30771-3c4a-cdf2-43ba-917353244190" executionId="79ff8b55-aa73-4028-b06c-5d113a2439cd" testListId="8c84fa94-04c1-424b-9868-57a2d4851a1d" />
  </TestEntries>
  <Results>
    <UnitTestResult executionId="79ff8b55-aa73-4028-b06c-5d113a2439cd" testId="5ee30771-3c4a-cdf2-43ba-917353244190" testName="GetByIdTest" computerName="MICROSOFT-PC" duration="00:00:00" startTime="0001-01-01T03:00:00.0000000+03:00" endTime="0001-01-01T03:00:00.0000000+03:00" testType="13cdc9d9-ddb5-4fa4-a97d-d965ccfc6d4b" outcome="NotExecuted" testListId="8c84fa94-04c1-424b-9868-57a2d4851a1d">
    </UnitTestResult>
  </Results>
</TestRun>